<?xml version="1.0" encoding="UTF-8"?>
<!-- Generated by org.testng.reporters.JUnitReportReporter -->
<testsuite hostname="LAPTOP-128BB7V0" failures="0" tests="6" name="altoromutual.AltoroMutual" time="9.790" errors="0" timestamp="2022-10-14T16:34:28 IST" skipped="0">
  <testcase classname="altoromutual.AltoroMutual" name="login" time="1.239"/>
  <system-out/>
  <testcase classname="altoromutual.AltoroMutual" name="login" time="1.163"/>
  <system-out/>
  <testcase classname="altoromutual.AltoroMutual" name="accountCheck" time="0.778"/>
  <system-out/>
  <testcase classname="altoromutual.AltoroMutual" name="transferFunds" time="1.248"/>
  <system-out/>
  <testcase classname="altoromutual.AltoroMutual" name="transactionDetails" time="0.412"/>
  <system-out/>
  <testcase classname="altoromutual.AltoroMutual" name="signOff" time="4.950"/>
  <system-out/>
</testsuite> <!-- altoromutual.AltoroMutual -->
